#
# There is insufficient memory for the Java Runtime Environment to continue.
# Native memory allocation (malloc) failed to allocate 32744 bytes for ChunkPool::allocate
# Possible reasons:
#   The system is out of physical RAM or swap space
#   In 32 bit mode, the process size limit was hit
# Possible solutions:
#   Reduce memory load on the system
#   Increase physical memory or swap space
#   Check if swap backing store is full
#   Use 64 bit Java on a 64 bit OS
#   Decrease Java heap size (-Xmx/-Xms)
#   Decrease number of Java threads
#   Decrease Java thread stack sizes (-Xss)
#   Set larger code cache with -XX:ReservedCodeCacheSize=
# This output file may be truncated or incomplete.
#
#  Out of Memory Error (allocation.cpp:273), pid=7196, tid=0x00000000000034b8
#
# JRE version: Java(TM) SE Runtime Environment (8.0_112-b15) (build 1.8.0_112-b15)
# Java VM: Java HotSpot(TM) 64-Bit Server VM (25.112-b15 mixed mode windows-amd64 compressed oops)
# Failed to write core dump. Minidumps are not enabled by default on client versions of Windows
#

---------------  T H R E A D  ---------------

Current thread (0x000000001a33d800):  JavaThread "C2 CompilerThread1" daemon [_thread_in_native, id=13496, stack(0x000000001ab10000,0x000000001ac10000)]

Stack: [0x000000001ab10000,0x000000001ac10000]
[error occurred during error reporting (printing stack bounds), id 0xc0000005]

Native frames: (J=compiled Java code, j=interpreted, Vv=VM code, C=native code)


Current CompileTask:
C2:9498882 11837       4       org.springframework.web.reactive.result.method.RequestMappingInfoHandlerMapping::getMatchingMapping (10 bytes)


---------------  P R O C E S S  ---------------

Java Threads: ( => current thread )
  0x000000001dce5000 JavaThread "boundedElastic-68" daemon [_thread_blocked, id=6976, stack(0x0000000023b90000,0x0000000023c90000)]
  0x000000001dce6800 JavaThread "boundedElastic-67" daemon [_thread_blocked, id=5328, stack(0x000000002d900000,0x000000002da00000)]
  0x000000001c73b000 JavaThread "boundedElastic-63" daemon [_thread_blocked, id=5924, stack(0x000000002d600000,0x000000002d700000)]
  0x000000001c734800 JavaThread "Keep-Alive-Timer" daemon [_thread_blocked, id=8608, stack(0x000000001ece0000,0x000000001ede0000)]
  0x000000001c73c800 JavaThread "boundedElastic-57" daemon [_thread_blocked, id=12604, stack(0x000000002cf00000,0x000000002d000000)]
  0x000000001c735000 JavaThread "boundedElastic-56" daemon [_thread_blocked, id=2108, stack(0x00000000251c0000,0x00000000252c0000)]
  0x000000001c742000 JavaThread "RibbonApacheHttpClientConfiguration.connectionManagerTimer" daemon [_thread_blocked, id=13288, stack(0x000000002d300000,0x000000002d400000)]
  0x000000001c73a800 JavaThread "boundedElastic-49" daemon [_thread_blocked, id=7072, stack(0x00000000252c0000,0x00000000253c0000)]
  0x000000001c738000 JavaThread "com.alibaba.nacos.client.Worker.longPolling.fixed-192.168.0.223_8848-6df355b2-c0f2-40fd-9220-bda7d4dfe761" daemon [_thread_blocked, id=15348, stack(0x00000000242c0000,0x00000000243c0000)]
  0x000000001c737800 JavaThread "com.alibaba.nacos.client.Worker.longPolling.fixed-192.168.0.223_8848-6df355b2-c0f2-40fd-9220-bda7d4dfe761" daemon [_thread_blocked, id=5444, stack(0x000000002f860000,0x000000002f960000)]
  0x000000001c739800 JavaThread "com.alibaba.nacos.client.Worker.longPolling.fixed-192.168.0.223_8848-6df355b2-c0f2-40fd-9220-bda7d4dfe761" daemon [_thread_blocked, id=2968, stack(0x000000002f760000,0x000000002f860000)]
  0x000000001c736000 JavaThread "com.alibaba.nacos.client.Worker.longPolling.fixed-192.168.0.223_8848-6df355b2-c0f2-40fd-9220-bda7d4dfe761" daemon [_thread_blocked, id=13508, stack(0x0000000023a90000,0x0000000023b90000)]
  0x000000001dced000 JavaThread "PollingServerListUpdater-1" daemon [_thread_blocked, id=12160, stack(0x000000002f360000,0x000000002f460000)]
  0x000000001dcec800 JavaThread "reactor-http-nio-8" daemon [_thread_in_native, id=16940, stack(0x000000002f260000,0x000000002f360000)]
  0x000000001dcf3000 JavaThread "DataPublisher" daemon [_thread_blocked, id=16612, stack(0x000000002f160000,0x000000002f260000)]
  0x000000001dcf2800 JavaThread "PollingServerListUpdater-0" daemon [_thread_blocked, id=12164, stack(0x000000002ed00000,0x000000002ee00000)]
  0x000000001dcf1800 JavaThread "RibbonApacheHttpClientConfiguration.connectionManagerTimer" daemon [_thread_blocked, id=8024, stack(0x000000002ee60000,0x000000002ef60000)]
  0x000000001e21c800 JavaThread "reactor-http-nio-7" daemon [_thread_in_native, id=13368, stack(0x00000000269a0000,0x0000000026aa0000)]
  0x000000001e223800 JavaThread "reactor-http-nio-6" daemon [_thread_in_native, id=15728, stack(0x00000000268a0000,0x00000000269a0000)]
  0x000000001e21f000 JavaThread "reactor-http-nio-5" daemon [_thread_in_native, id=13556, stack(0x00000000267a0000,0x00000000268a0000)]
  0x000000001e21c000 JavaThread "reactor-http-nio-4" daemon [_thread_in_native, id=14044, stack(0x00000000256c0000,0x00000000257c0000)]
  0x000000001e222800 JavaThread "reactor-http-nio-3" daemon [_thread_in_native, id=1872, stack(0x00000000255c0000,0x00000000256c0000)]
  0x000000001e221000 JavaThread "reactor-http-nio-2" daemon [_thread_in_native, id=944, stack(0x00000000254c0000,0x00000000255c0000)]
  0x000000001e222000 JavaThread "com.alibaba.nacos.client.Worker.longPolling.fixed-192.168.0.223_8848-6df355b2-c0f2-40fd-9220-bda7d4dfe761" daemon [_thread_blocked, id=13100, stack(0x00000000253c0000,0x00000000254c0000)]
  0x0000000021331000 JavaThread "com.alibaba.nacos.client.Worker.longPolling.fixed-192.168.0.223_8848-6df355b2-c0f2-40fd-9220-bda7d4dfe761" daemon [_thread_blocked, id=15276, stack(0x0000000001600000,0x0000000001700000)]
  0x0000000021330800 JavaThread "com.alibaba.nacos.naming.beat.sender" daemon [_thread_blocked, id=2472, stack(0x0000000001500000,0x0000000001600000)]
  0x0000000021334000 JavaThread "com.alibaba.nacos.naming.beat.sender" daemon [_thread_blocked, id=4196, stack(0x00000000250c0000,0x00000000251c0000)]
  0x0000000021333800 JavaThread "com.alibaba.nacos.naming.beat.sender" daemon [_thread_blocked, id=996, stack(0x0000000024fc0000,0x00000000250c0000)]
  0x000000002132f800 JavaThread "com.alibaba.nacos.client.Worker.longPolling.fixed-192.168.0.223_8848-6df355b2-c0f2-40fd-9220-bda7d4dfe761" daemon [_thread_blocked, id=10364, stack(0x0000000024ec0000,0x0000000024fc0000)]
  0x0000000021332000 JavaThread "com.alibaba.nacos.client.Worker.longPolling.fixed-192.168.0.223_8848-6df355b2-c0f2-40fd-9220-bda7d4dfe761" daemon [_thread_in_native, id=14596, stack(0x0000000024dc0000,0x0000000024ec0000)]
  0x0000000021332800 JavaThread "DestroyJavaVM" [_thread_blocked, id=12316, stack(0x0000000002fb0000,0x00000000030b0000)]
  0x0000000021328000 JavaThread "com.alibaba.nacos.naming.beat.sender" daemon [_thread_blocked, id=15124, stack(0x0000000024cc0000,0x0000000024dc0000)]
  0x000000002132f000 JavaThread "server" [_thread_blocked, id=13216, stack(0x0000000024bc0000,0x0000000024cc0000)]
  0x0000000021327800 JavaThread "reactor-http-nio-1" daemon [_thread_in_native, id=17224, stack(0x0000000024ac0000,0x0000000024bc0000)]
  0x000000002132e000 JavaThread "com.alibaba.nacos.client.naming.updater" daemon [_thread_blocked, id=9972, stack(0x00000000247c0000,0x00000000248c0000)]
  0x0000000021326800 JavaThread "com.alibaba.nacos.client.naming.updater" daemon [_thread_blocked, id=1496, stack(0x00000000244c0000,0x00000000245c0000)]
  0x000000002132d800 JavaThread "com.alibaba.nacos.client.naming.updater" daemon [_thread_blocked, id=12516, stack(0x0000000023fa0000,0x00000000240a0000)]
  0x000000002132c800 JavaThread "elasticBounded-evictor-1" daemon [_thread_blocked, id=14572, stack(0x00000000240c0000,0x00000000241c0000)]
  0x0000000021326000 JavaThread "Nacos-Watch-Task-Scheduler-1" [_thread_blocked, id=16296, stack(0x0000000023ca0000,0x0000000023da0000)]
  0x000000002132a800 JavaThread "com.alibaba.nacos.client.naming.updater" daemon [_thread_blocked, id=12528, stack(0x0000000023990000,0x0000000023a90000)]
  0x000000002132c000 JavaThread "nacos.publisher-com.alibaba.nacos.client.naming.event.InstancesChangeEvent" daemon [_thread_blocked, id=17176, stack(0x00000000232c0000,0x00000000233c0000)]
  0x000000001d96e800 JavaThread "nacos.publisher-com.alibaba.nacos.common.notify.SlowEvent" daemon [_thread_blocked, id=15780, stack(0x00000000231c0000,0x00000000232c0000)]
  0x000000001d96d800 JavaThread "com.alibaba.nacos.naming.push.receiver" daemon [_thread_in_native, id=15504, stack(0x00000000230c0000,0x00000000231c0000)]
  0x000000001d96d000 JavaThread "com.alibaba.nacos.naming.failover" daemon [_thread_blocked, id=13528, stack(0x00000000204f0000,0x00000000205f0000)]
  0x000000001d96c000 JavaThread "com.alibaba.nacos.client.naming.updater" daemon [_thread_blocked, id=16732, stack(0x000000001f1e0000,0x000000001f2e0000)]
  0x000000001d970000 JavaThread "com.alibaba.nacos.client.naming.updater" daemon [_thread_blocked, id=4088, stack(0x000000001efe0000,0x000000001f0e0000)]
  0x000000001d970800 JavaThread "spring.cloud.inetutils" daemon [_thread_blocked, id=8188, stack(0x000000001ca10000,0x000000001cb10000)]
  0x000000001d96f000 JavaThread "com.alibaba.nacos.client.Worker.fixed-192.168.0.223_8848-6df355b2-c0f2-40fd-9220-bda7d4dfe761" daemon [_thread_blocked, id=12388, stack(0x000000001eee0000,0x000000001efe0000)]
  0x000000001d972000 JavaThread "com.alibaba.nacos.client.config.security.updater" daemon [_thread_blocked, id=14400, stack(0x000000001ede0000,0x000000001eee0000)]
  0x000000001d971800 JavaThread "com.alibaba.nacos.client.identify.watcher.0" daemon [_thread_blocked, id=14844, stack(0x000000001e8e0000,0x000000001e9e0000)]
  0x000000001b5a1000 JavaThread "Monitor Ctrl-Break" daemon [_thread_in_native, id=13956, stack(0x000000001b890000,0x000000001b990000)]
  0x000000001a34b000 JavaThread "Service Thread" daemon [_thread_blocked, id=8600, stack(0x000000001ae10000,0x000000001af10000)]
  0x000000001a345800 JavaThread "C1 CompilerThread3" daemon [_thread_blocked, id=16712, stack(0x000000001ad10000,0x000000001ae10000)]
  0x000000001a341800 JavaThread "C2 CompilerThread2" daemon [_thread_in_native, id=16924, stack(0x000000001ac10000,0x000000001ad10000)]
=>0x000000001a33d800 JavaThread "C2 CompilerThread1" daemon [_thread_in_native, id=13496, stack(0x000000001ab10000,0x000000001ac10000)]
  0x000000001a33b800 JavaThread "C2 CompilerThread0" daemon [_thread_blocked, id=12468, stack(0x000000001aa10000,0x000000001ab10000)]
  0x000000001a339000 JavaThread "Attach Listener" daemon [_thread_blocked, id=11392, stack(0x000000001a910000,0x000000001aa10000)]
  0x000000001a2e6000 JavaThread "Signal Dispatcher" daemon [_thread_blocked, id=15600, stack(0x000000001a810000,0x000000001a910000)]
  0x0000000003548800 JavaThread "Finalizer" daemon [_thread_blocked, id=3260, stack(0x000000001a6b0000,0x000000001a7b0000)]
  0x0000000003547800 JavaThread "Reference Handler" daemon [_thread_blocked, id=15540, stack(0x000000001a1b0000,0x000000001a2b0000)]

Other Threads:
  0x00000000183aa000 VMThread [stack: 0x000000001a0b0000,0x000000001a1b0000] [id=16180]
  0x000000001a350800 WatcherThread [stack: 0x000000001af10000,0x000000001b010000] [id=17020]

VM state:not at safepoint (normal execution)

VM Mutex/Monitor currently owned by a thread: None

Heap:
 PSYoungGen      total 550912K, used 165518K [0x00000000d6900000, 0x00000000faf80000, 0x0000000100000000)
  eden space 549888K, 29% used [0x00000000d6900000,0x00000000e09dfa88,0x00000000f8200000)
  from space 1024K, 76% used [0x00000000f9b80000,0x00000000f9c44030,0x00000000f9c80000)
  to   space 19456K, 0% used [0x00000000f9c80000,0x00000000f9c80000,0x00000000faf80000)
 ParOldGen       total 86528K, used 31072K [0x0000000083a00000, 0x0000000088e80000, 0x00000000d6900000)
  object space 86528K, 35% used [0x0000000083a00000,0x0000000085858290,0x0000000088e80000)
 Metaspace       used 60727K, capacity 65588K, committed 65752K, reserved 1105920K
  class space    used 8016K, capacity 8837K, committed 8960K, reserved 1048576K

Card table byte_map: [0x0000000012910000,0x0000000012d00000] byte_map_base: 0x00000000124f3000

Marking Bits: (ParMarkBitMap*) 0x000000006777a6d0
 Begin Bits: [0x00000000137a0000, 0x00000000156b8000)
 End Bits:   [0x00000000156b8000, 0x00000000175d0000)

Polling page: 0x0000000001740000

CodeCache: size=245760Kb used=33891Kb max_used=33929Kb free=211869Kb
 bounds [0x0000000003550000, 0x00000000056b0000, 0x0000000012550000]
 total_blobs=10222 nmethods=9672 adapters=460
 compilation: enabled

Compilation events (10 events):
Event: 9497.944 Thread 0x000000001a345800 nmethod 11841 0x0000000003dda050 code [0x0000000003dda240, 0x0000000003ddabc8]
Event: 9497.945 Thread 0x000000001a345800 11842       3       org.springframework.util.CollectionUtils::lambda$unmodifiableMultiValueMap$0 (15 bytes)
Event: 9497.947 Thread 0x000000001a345800 nmethod 11842 0x0000000004ed3290 code [0x0000000004ed3480, 0x0000000004ed3de8]
Event: 9497.948 Thread 0x000000001a345800 11843   !   3       reactor.core.publisher.MonoSubscriberContext::subscribeOrReturn (49 bytes)
Event: 9497.949 Thread 0x000000001a345800 nmethod 11843 0x0000000003dd9250 code [0x0000000003dd9440, 0x0000000003dd9cc8]
Event: 9497.985 Thread 0x000000001a345800 11845       3       io.micrometer.core.instrument.Tags::and (57 bytes)
Event: 9497.985 Thread 0x000000001a345800 nmethod 11845 0x0000000004ed2790 code [0x0000000004ed2960, 0x0000000004ed2ff8]
Event: 9498.038 Thread 0x000000001a33b800 nmethod 11839 0x00000000056a4f50 code [0x00000000056a5320, 0x00000000056a71e8]
Event: 9498.039 Thread 0x000000001a33b800 11844       4       java.util.concurrent.ConcurrentLinkedQueue::offer (115 bytes)
Event: 9498.044 Thread 0x000000001a33b800 nmethod 11844 0x000000000469efd0 code [0x000000000469f120, 0x000000000469f318]

GC Heap History (10 events):
Event: 38.399 GC heap before
{Heap before GC invocations=10 (full 2):
 PSYoungGen      total 250368K, used 235520K [0x00000000d6900000, 0x00000000f2600000, 0x0000000100000000)
  eden space 235520K, 100% used [0x00000000d6900000,0x00000000e4f00000,0x00000000e4f00000)
  from space 14848K, 0% used [0x00000000e4f00000,0x00000000e4f00000,0x00000000e5d80000)
  to   space 14848K, 0% used [0x00000000f1780000,0x00000000f1780000,0x00000000f2600000)
 ParOldGen       total 68096K, used 15630K [0x0000000083a00000, 0x0000000087c80000, 0x00000000d6900000)
  object space 68096K, 22% used [0x0000000083a00000,0x0000000084943b90,0x0000000087c80000)
 Metaspace       used 47148K, capacity 50298K, committed 50520K, reserved 1093632K
  class space    used 6398K, capacity 6950K, committed 7040K, reserved 1048576K
Event: 38.434 GC heap after
Heap after GC invocations=10 (full 2):
 PSYoungGen      total 423936K, used 14831K [0x00000000d6900000, 0x00000000f2600000, 0x0000000100000000)
  eden space 409088K, 0% used [0x00000000d6900000,0x00000000d6900000,0x00000000ef880000)
  from space 14848K, 99% used [0x00000000f1780000,0x00000000f25fbde0,0x00000000f2600000)
  to   space 18432K, 0% used [0x00000000f0200000,0x00000000f0200000,0x00000000f1400000)
 ParOldGen       total 68096K, used 19012K [0x0000000083a00000, 0x0000000087c80000, 0x00000000d6900000)
  object space 68096K, 27% used [0x0000000083a00000,0x0000000084c91098,0x0000000087c80000)
 Metaspace       used 47148K, capacity 50298K, committed 50520K, reserved 1093632K
  class space    used 6398K, capacity 6950K, committed 7040K, reserved 1048576K
}
Event: 111.091 GC heap before
{Heap before GC invocations=11 (full 2):
 PSYoungGen      total 423936K, used 147972K [0x00000000d6900000, 0x00000000f2600000, 0x0000000100000000)
  eden space 409088K, 32% used [0x00000000d6900000,0x00000000deb05568,0x00000000ef880000)
  from space 14848K, 99% used [0x00000000f1780000,0x00000000f25fbde0,0x00000000f2600000)
  to   space 18432K, 0% used [0x00000000f0200000,0x00000000f0200000,0x00000000f1400000)
 ParOldGen       total 68096K, used 19012K [0x0000000083a00000, 0x0000000087c80000, 0x00000000d6900000)
  object space 68096K, 27% used [0x0000000083a00000,0x0000000084c91098,0x0000000087c80000)
 Metaspace       used 54507K, capacity 58796K, committed 58968K, reserved 1099776K
  class space    used 7470K, capacity 8193K, committed 8320K, reserved 1048576K
Event: 111.109 GC heap after
Heap after GC invocations=11 (full 2):
 PSYoungGen      total 437248K, used 16690K [0x00000000d6900000, 0x00000000fc300000, 0x0000000100000000)
  eden space 418816K, 0% used [0x00000000d6900000,0x00000000d6900000,0x00000000f0200000)
  from space 18432K, 90% used [0x00000000f0200000,0x00000000f124c940,0x00000000f1400000)
  to   space 20480K, 0% used [0x00000000faf00000,0x00000000faf00000,0x00000000fc300000)
 ParOldGen       total 68096K, used 19020K [0x0000000083a00000, 0x0000000087c80000, 0x00000000d6900000)
  object space 68096K, 27% used [0x0000000083a00000,0x0000000084c93098,0x0000000087c80000)
 Metaspace       used 54507K, capacity 58796K, committed 58968K, reserved 1099776K
  class space    used 7470K, capacity 8193K, committed 8320K, reserved 1048576K
}
Event: 111.109 GC heap before
{Heap before GC invocations=12 (full 3):
 PSYoungGen      total 437248K, used 16690K [0x00000000d6900000, 0x00000000fc300000, 0x0000000100000000)
  eden space 418816K, 0% used [0x00000000d6900000,0x00000000d6900000,0x00000000f0200000)
  from space 18432K, 90% used [0x00000000f0200000,0x00000000f124c940,0x00000000f1400000)
  to   space 20480K, 0% used [0x00000000faf00000,0x00000000faf00000,0x00000000fc300000)
 ParOldGen       total 68096K, used 19020K [0x0000000083a00000, 0x0000000087c80000, 0x00000000d6900000)
  object space 68096K, 27% used [0x0000000083a00000,0x0000000084c93098,0x0000000087c80000)
 Metaspace       used 54507K, capacity 58796K, committed 58968K, reserved 1099776K
  class space    used 7470K, capacity 8193K, committed 8320K, reserved 1048576K
Event: 111.252 GC heap after
Heap after GC invocations=12 (full 3):
 PSYoungGen      total 437248K, used 0K [0x00000000d6900000, 0x00000000fc300000, 0x0000000100000000)
  eden space 418816K, 0% used [0x00000000d6900000,0x00000000d6900000,0x00000000f0200000)
  from space 18432K, 0% used [0x00000000f0200000,0x00000000f0200000,0x00000000f1400000)
  to   space 20480K, 0% used [0x00000000faf00000,0x00000000faf00000,0x00000000fc300000)
 ParOldGen       total 86528K, used 26233K [0x0000000083a00000, 0x0000000088e80000, 0x00000000d6900000)
  object space 86528K, 30% used [0x0000000083a00000,0x000000008539e670,0x0000000088e80000)
 Metaspace       used 54179K, capacity 57770K, committed 58968K, reserved 1099776K
  class space    used 7362K, capacity 8010K, committed 8320K, reserved 1048576K
}
Event: 2858.444 GC heap before
{Heap before GC invocations=13 (full 3):
 PSYoungGen      total 437248K, used 418816K [0x00000000d6900000, 0x00000000fc300000, 0x0000000100000000)
  eden space 418816K, 100% used [0x00000000d6900000,0x00000000f0200000,0x00000000f0200000)
  from space 18432K, 0% used [0x00000000f0200000,0x00000000f0200000,0x00000000f1400000)
  to   space 20480K, 0% used [0x00000000faf00000,0x00000000faf00000,0x00000000fc300000)
 ParOldGen       total 86528K, used 26233K [0x0000000083a00000, 0x0000000088e80000, 0x00000000d6900000)
  object space 86528K, 30% used [0x0000000083a00000,0x000000008539e670,0x0000000088e80000)
 Metaspace       used 59830K, capacity 64666K, committed 64856K, reserved 1105920K
  class space    used 7995K, capacity 8822K, committed 8832K, reserved 1048576K
Event: 2858.479 GC heap after
Heap after GC invocations=13 (full 3):
 PSYoungGen      total 596480K, used 7664K [0x00000000d6900000, 0x00000000fd000000, 0x0000000100000000)
  eden space 576000K, 0% used [0x00000000d6900000,0x00000000d6900000,0x00000000f9b80000)
  from space 20480K, 37% used [0x00000000faf00000,0x00000000fb67c150,0x00000000fc300000)
  to   space 19968K, 0% used [0x00000000f9b80000,0x00000000f9b80000,0x00000000faf00000)
 ParOldGen       total 86528K, used 26241K [0x0000000083a00000, 0x0000000088e80000, 0x00000000d6900000)
  object space 86528K, 30% used [0x0000000083a00000,0x00000000853a0670,0x0000000088e80000)
 Metaspace       used 59830K, capacity 64666K, committed 64856K, reserved 1105920K
  class space    used 7995K, capacity 8822K, committed 8832K, reserved 1048576K
}
Event: 8259.226 GC heap before
{Heap before GC invocations=14 (full 3):
 PSYoungGen      total 596480K, used 583664K [0x00000000d6900000, 0x00000000fd000000, 0x0000000100000000)
  eden space 576000K, 100% used [0x00000000d6900000,0x00000000f9b80000,0x00000000f9b80000)
  from space 20480K, 37% used [0x00000000faf00000,0x00000000fb67c150,0x00000000fc300000)
  to   space 19968K, 0% used [0x00000000f9b80000,0x00000000f9b80000,0x00000000faf00000)
 ParOldGen       total 86528K, used 26241K [0x0000000083a00000, 0x0000000088e80000, 0x00000000d6900000)
  object space 86528K, 30% used [0x0000000083a00000,0x00000000853a0670,0x0000000088e80000)
 Metaspace       used 60567K, capacity 65440K, committed 65752K, reserved 1105920K
  class space    used 8016K, capacity 8837K, committed 8960K, reserved 1048576K
Event: 8259.263 GC heap after
Heap after GC invocations=14 (full 3):
 PSYoungGen      total 550912K, used 784K [0x00000000d6900000, 0x00000000faf80000, 0x0000000100000000)
  eden space 549888K, 0% used [0x00000000d6900000,0x00000000d6900000,0x00000000f8200000)
  from space 1024K, 76% used [0x00000000f9b80000,0x00000000f9c44030,0x00000000f9c80000)
  to   space 19456K, 0% used [0x00000000f9c80000,0x00000000f9c80000,0x00000000faf80000)
 ParOldGen       total 86528K, used 31072K [0x0000000083a00000, 0x0000000088e80000, 0x00000000d6900000)
  object space 86528K, 35% used [0x0000000083a00000,0x0000000085858290,0x0000000088e80000)
 Metaspace       used 60567K, capacity 65440K, committed 65752K, reserved 1105920K
  class space    used 8016K, capacity 8837K, committed 8960K, reserved 1048576K
}

Deoptimization events (10 events):
Event: 7643.548 Thread 0x000000001e21f000 Uncommon trap: reason=class_check action=maybe_recompile pc=0x00000000054c964c method=reactor.core.publisher.MonoDefer.<init>(Ljava/util/function/Supplier;)V @ 11
Event: 7643.548 Thread 0x000000001e21c800 Uncommon trap: reason=class_check action=maybe_recompile pc=0x00000000054c964c method=reactor.core.publisher.MonoDefer.<init>(Ljava/util/function/Supplier;)V @ 11
Event: 7643.549 Thread 0x000000001e21f000 Uncommon trap: reason=class_check action=maybe_recompile pc=0x00000000054c964c method=reactor.core.publisher.MonoDefer.<init>(Ljava/util/function/Supplier;)V @ 11
Event: 8049.193 Thread 0x0000000021326000 Uncommon trap: reason=null_check action=make_not_entrant pc=0x00000000055a3878 method=org.springframework.beans.factory.support.DefaultListableBeanFactory.isSelfReference(Ljava/lang/String;Ljava/lang/String;)Z @ 33
Event: 9451.407 Thread 0x000000001dcec800 Uncommon trap: reason=unstable_if action=reinterpret pc=0x00000000051dac0c method=io.netty.util.Recycler$WeakOrderQueue.transfer(Lio/netty/util/Recycler$Stack;)Z @ 255
Event: 9483.181 Thread 0x000000001c735000 Uncommon trap: reason=class_check action=maybe_recompile pc=0x0000000005642a80 method=reactor.core.publisher.FluxIterable.<init>(Ljava/lang/Iterable;Ljava/lang/Runnable;)V @ 11
Event: 9483.181 Thread 0x000000001c73b000 Uncommon trap: reason=class_check action=maybe_recompile pc=0x0000000005642a80 method=reactor.core.publisher.FluxIterable.<init>(Ljava/lang/Iterable;Ljava/lang/Runnable;)V @ 11
Event: 9483.181 Thread 0x000000001dce5000 Uncommon trap: reason=class_check action=maybe_recompile pc=0x0000000005642a80 method=reactor.core.publisher.FluxIterable.<init>(Ljava/lang/Iterable;Ljava/lang/Runnable;)V @ 11
Event: 9483.181 Thread 0x000000001c73c800 Uncommon trap: reason=class_check action=maybe_recompile pc=0x0000000005642a80 method=reactor.core.publisher.FluxIterable.<init>(Ljava/lang/Iterable;Ljava/lang/Runnable;)V @ 11
Event: 9483.181 Thread 0x000000001c73a800 Uncommon trap: reason=class_check action=maybe_recompile pc=0x0000000005642a80 method=reactor.core.publisher.FluxIterable.<init>(Ljava/lang/Iterable;Ljava/lang/Runnable;)V @ 11

Internal exceptions (10 events):
Event: 9454.071 Thread 0x000000001d971800 Exception <a 'java/io/FileNotFoundException'> (0x00000000d7b15400) thrown at [C:\re\workspace\8-2-build-windows-amd64-cygwin\jdk8u112\7884\hotspot\src\share\vm\prims\jni.cpp, line 709]
Event: 9454.071 Thread 0x000000001d971800 Exception <a 'java/io/FileNotFoundException'> (0x00000000d7b159d8) thrown at [C:\re\workspace\8-2-build-windows-amd64-cygwin\jdk8u112\7884\hotspot\src\share\vm\prims\jni.cpp, line 709]
Event: 9464.072 Thread 0x000000001d971800 Exception <a 'java/io/FileNotFoundException'> (0x00000000d7b161a0) thrown at [C:\re\workspace\8-2-build-windows-amd64-cygwin\jdk8u112\7884\hotspot\src\share\vm\prims\jni.cpp, line 709]
Event: 9464.072 Thread 0x000000001d971800 Exception <a 'java/io/FileNotFoundException'> (0x00000000d7b16778) thrown at [C:\re\workspace\8-2-build-windows-amd64-cygwin\jdk8u112\7884\hotspot\src\share\vm\prims\jni.cpp, line 709]
Event: 9474.073 Thread 0x000000001d971800 Exception <a 'java/io/FileNotFoundException'> (0x00000000d7b16f40) thrown at [C:\re\workspace\8-2-build-windows-amd64-cygwin\jdk8u112\7884\hotspot\src\share\vm\prims\jni.cpp, line 709]
Event: 9474.073 Thread 0x000000001d971800 Exception <a 'java/io/FileNotFoundException'> (0x00000000d7b17518) thrown at [C:\re\workspace\8-2-build-windows-amd64-cygwin\jdk8u112\7884\hotspot\src\share\vm\prims\jni.cpp, line 709]
Event: 9484.081 Thread 0x000000001d971800 Exception <a 'java/io/FileNotFoundException'> (0x00000000d7b17ce0) thrown at [C:\re\workspace\8-2-build-windows-amd64-cygwin\jdk8u112\7884\hotspot\src\share\vm\prims\jni.cpp, line 709]
Event: 9484.084 Thread 0x000000001d971800 Exception <a 'java/io/FileNotFoundException'> (0x00000000d7b182b8) thrown at [C:\re\workspace\8-2-build-windows-amd64-cygwin\jdk8u112\7884\hotspot\src\share\vm\prims\jni.cpp, line 709]
Event: 9494.085 Thread 0x000000001d971800 Exception <a 'java/io/FileNotFoundException'> (0x00000000d7b18a80) thrown at [C:\re\workspace\8-2-build-windows-amd64-cygwin\jdk8u112\7884\hotspot\src\share\vm\prims\jni.cpp, line 709]
Event: 9494.085 Thread 0x000000001d971800 Exception <a 'java/io/FileNotFoundException'> (0x00000000d7b19058) thrown at [C:\re\workspace\8-2-build-windows-amd64-cygwin\jdk8u112\7884\hotspot\src\share\vm\prims\jni.cpp, line 709]

Events (10 events):
Event: 9497.986 Thread 0x000000001a345800 flushing nmethod 0x0000000004583a90
Event: 9497.986 Thread 0x000000001a345800 flushing nmethod 0x000000000469efd0
Event: 9497.987 Executing VM operation: RevokeBias
Event: 9497.988 Executing VM operation: RevokeBias done
Event: 9498.003 Executing VM operation: RevokeBias
Event: 9498.003 Executing VM operation: RevokeBias done
Event: 9498.018 Executing VM operation: RevokeBias
Event: 9498.018 Executing VM operation: RevokeBias done
Event: 9498.044 Thread 0x000000001a33b800 flushing nmethod 0x0000000004a6aad0
Event: 9498.044 Thread 0x000000001a33b800 flushing nmethod 0x0000000004b27410


Dynamic libraries:
0x00007ff72b040000 - 0x00007ff72b077000 	D:\tool\Java\jdk1.8.0_112\bin\java.exe
0x00007ffd89d50000 - 0x00007ffd89f45000 	C:\Windows\SYSTEM32\ntdll.dll
0x00007ffd88560000 - 0x00007ffd8861d000 	C:\Windows\System32\KERNEL32.DLL
0x00007ffd878d0000 - 0x00007ffd87b97000 	C:\Windows\System32\KERNELBASE.dll
0x00007ffd89320000 - 0x00007ffd893ca000 	C:\Windows\System32\ADVAPI32.dll
0x00007ffd89490000 - 0x00007ffd8952e000 	C:\Windows\System32\msvcrt.dll
0x00007ffd89bc0000 - 0x00007ffd89c5b000 	C:\Windows\System32\sechost.dll
0x00007ffd89a90000 - 0x00007ffd89bb4000 	C:\Windows\System32\RPCRT4.dll
0x00007ffd883c0000 - 0x00007ffd88560000 	C:\Windows\System32\USER32.dll
0x00007ffd87630000 - 0x00007ffd87652000 	C:\Windows\System32\win32u.dll
0x00007ffd89530000 - 0x00007ffd8955a000 	C:\Windows\System32\GDI32.dll
0x00007ffd87660000 - 0x00007ffd87769000 	C:\Windows\System32\gdi32full.dll
0x00007ffd87490000 - 0x00007ffd8752d000 	C:\Windows\System32\msvcp_win.dll
0x00007ffd87530000 - 0x00007ffd87630000 	C:\Windows\System32\ucrtbase.dll
0x00007ffd721e0000 - 0x00007ffd7247b000 	C:\Windows\WinSxS\amd64_microsoft.windows.common-controls_6595b64144ccf1df_6.0.19041.488_none_ca04af081b815d21\COMCTL32.dll
0x00007ffd898b0000 - 0x00007ffd898e0000 	C:\Windows\System32\IMM32.DLL
0x0000000068f80000 - 0x0000000069052000 	D:\tool\Java\jdk1.8.0_112\jre\bin\msvcr100.dll
0x0000000066f60000 - 0x00000000677fa000 	D:\tool\Java\jdk1.8.0_112\jre\bin\server\jvm.dll
0x00007ffd87ea0000 - 0x00007ffd87ea8000 	C:\Windows\System32\PSAPI.DLL
0x00007ffd83d20000 - 0x00007ffd83d29000 	C:\Windows\SYSTEM32\WSOCK32.dll
0x00007ffd896a0000 - 0x00007ffd8970b000 	C:\Windows\System32\WS2_32.dll
0x00007ffd72480000 - 0x00007ffd724a7000 	C:\Windows\SYSTEM32\WINMM.dll
0x00007ffd80920000 - 0x00007ffd8092a000 	C:\Windows\SYSTEM32\VERSION.dll
0x0000000068f70000 - 0x0000000068f7f000 	D:\tool\Java\jdk1.8.0_112\jre\bin\verify.dll
0x0000000068f40000 - 0x0000000068f69000 	D:\tool\Java\jdk1.8.0_112\jre\bin\java.dll
0x0000000068f20000 - 0x0000000068f36000 	D:\tool\Java\jdk1.8.0_112\jre\bin\zip.dll
0x00007ffd88620000 - 0x00007ffd88d61000 	C:\Windows\System32\SHELL32.dll
0x00007ffd854d0000 - 0x00007ffd85c63000 	C:\Windows\SYSTEM32\windows.storage.dll
0x00007ffd87f90000 - 0x00007ffd882e5000 	C:\Windows\System32\combase.dll
0x00007ffd86f00000 - 0x00007ffd86f2c000 	C:\Windows\SYSTEM32\Wldp.dll
0x00007ffd89c60000 - 0x00007ffd89d0e000 	C:\Windows\System32\SHCORE.dll
0x00007ffd893d0000 - 0x00007ffd89425000 	C:\Windows\System32\shlwapi.dll
0x00007ffd873c0000 - 0x00007ffd873e6000 	C:\Windows\SYSTEM32\profapi.dll
0x00007ffd82c60000 - 0x00007ffd82c70000 	D:\tool\IntelliJ IDEA 2016.1.2\bin\breakgen64.dll
0x0000000068f00000 - 0x0000000068f1a000 	D:\tool\Java\jdk1.8.0_112\jre\bin\net.dll
0x00007ffd86c80000 - 0x00007ffd86cea000 	C:\Windows\system32\mswsock.dll
0x00007ffd86920000 - 0x00007ffd8695b000 	C:\Windows\SYSTEM32\IPHLPAPI.DLL
0x00007ffd89560000 - 0x00007ffd89569000 	C:\Windows\System32\NSI.dll
0x00007ffd72a60000 - 0x00007ffd72a77000 	C:\Windows\SYSTEM32\dhcpcsvc6.DLL
0x00007ffd72a40000 - 0x00007ffd72a5d000 	C:\Windows\SYSTEM32\dhcpcsvc.DLL
0x00007ffd869c0000 - 0x00007ffd86a8b000 	C:\Windows\SYSTEM32\DNSAPI.dll
0x00007ffd6bf50000 - 0x00007ffd6bf5a000 	C:\Windows\System32\rasadhlp.dll
0x00007ffd734a0000 - 0x00007ffd7351f000 	C:\Windows\System32\fwpuclnt.dll
0x00007ffd878a0000 - 0x00007ffd878c7000 	C:\Windows\System32\bcrypt.dll
0x0000000068ed0000 - 0x0000000068edd000 	D:\tool\Java\jdk1.8.0_112\jre\bin\management.dll
0x00007ffd6c1c0000 - 0x00007ffd6c1d7000 	C:\Windows\system32\napinsp.dll
0x00007ffd6c1a0000 - 0x00007ffd6c1bb000 	C:\Windows\system32\pnrpnsp.dll
0x00007ffd6c000000 - 0x00007ffd6c015000 	C:\Windows\system32\wshbth.dll
0x00007ffd82ac0000 - 0x00007ffd82add000 	C:\Windows\system32\NLAapi.dll
0x00007ffd6bf60000 - 0x00007ffd6bf72000 	C:\Windows\System32\winrnr.dll
0x00007ffd86e50000 - 0x00007ffd86e68000 	C:\Windows\SYSTEM32\CRYPTSP.dll
0x00007ffd865a0000 - 0x00007ffd865d4000 	C:\Windows\system32\rsaenh.dll
0x00007ffd87380000 - 0x00007ffd873ae000 	C:\Windows\SYSTEM32\USERENV.dll
0x00007ffd87820000 - 0x00007ffd8789f000 	C:\Windows\System32\bcryptprimitives.dll
0x00007ffd86e70000 - 0x00007ffd86e7c000 	C:\Windows\SYSTEM32\CRYPTBASE.dll
0x0000000068ee0000 - 0x0000000068ef1000 	D:\tool\Java\jdk1.8.0_112\jre\bin\nio.dll
0x0000000069b90000 - 0x0000000069bb4000 	D:\tool\Java\jdk1.8.0_112\jre\bin\sunec.dll

VM Arguments:
jvm_args: -Dspring.output.ansi.enabled=always -Didea.launcher.port=7542 -Didea.launcher.bin.path=D:\tool\IntelliJ IDEA 2016.1.2\bin -Dfile.encoding=UTF-8 
java_command: com.intellij.rt.execution.CommandLineWrapper C:\Users\Administrator\AppData\Local\Temp\classpath com.intellij.rt.execution.application.AppMain com.moxi.mogublog.gateway.GateWayApplication
java_class_path (initial): D:\tool\IntelliJ IDEA 2016.1.2\lib\idea_rt.jar;D:\tool\IntelliJ IDEA 2016.1.2\lib\util.jar
Launcher Type: SUN_STANDARD

Environment Variables:
JAVA_HOME=D:\tool\Java\jdk1.8.0_291
PATH=C:\Windows\system32;C:\Windows;C:\Windows\System32\Wbem;C:\Windows\System32\WindowsPowerShell\v1.0\;C:\Windows\System32\OpenSSH\;D:\tool\Java\jdk1.8.0_291\bin;D:\tool\Java\apache-maven-3.5.2\bin;C:\Program Files (x86)\Microsoft SQL Server\100\Tools\Binn\;C:\Program Files (x86)\Microsoft SQL Server\100\DTS\Binn\;D:\Program Files\Microsoft SQL Server\100\Tools\Binn\;D:\Program Files\Microsoft SQL Server\100\DTS\Binn\;C:\Program Files (x86)\Microsoft SQL Server\100\Tools\Binn\VSShell\Common7\IDE\;C:\Program Files (x86)\Microsoft Visual Studio 9.0\Common7\IDE\PrivateAssemblies\;C:\Program Files\nodejs\;C:\Users\Administrator\AppData\Local\Microsoft\WindowsApps;;D:\tool\Microsoft VS Code\bin;C:\Users\Administrator\AppData\Roaming\npm
USERNAME=hfh
OS=Windows_NT
PROCESSOR_IDENTIFIER=Intel64 Family 6 Model 126 Stepping 5, GenuineIntel



---------------  S Y S T E M  ---------------

OS: Windows 10.0 , 64 bit Build 19041 (10.0.19041.292)

CPU:total 8 (4 cores per cpu, 2 threads per core) family 6 model 126 stepping 5, cmov, cx8, fxsr, mmx, sse, sse2, sse3, ssse3, sse4.1, sse4.2, popcnt, avx, avx2, aes, clmul, erms, 3dnowpref, lzcnt, ht, tsc, tscinvbit, bmi1, bmi2, adx

Memory: 4k page, physical 8150496k(556652k free), swap 16014940k(4088k free)

vm_info: Java HotSpot(TM) 64-Bit Server VM (25.112-b15) for windows-amd64 JRE (1.8.0_112-b15), built on Sep 22 2016 21:31:56 by "java_re" with MS VC++ 10.0 (VS2010)

time: Tue Aug 24 17:11:50 2021
elapsed time: 9498 seconds (0d 2h 38m 18s)

